<?xml version="1.0" encoding="UTF-8"?>
<!-- Generated by org.testng.reporters.JUnitReportReporter -->
<testsuite hostname="DESKTOP-P52I1HH" failures="0" tests="8" name="testing.LoginTest" time="85.300" errors="0" timestamp="2023-02-28T19:18:36 EST" skipped="0">
  <testcase classname="testing.LoginTest" name="emptyUserNameAndCorrectPassword4" time="9.495"/>
  <system-out/>
  <testcase classname="testing.LoginTest" name="incorrectUserNameAndIncorrectPassword2" time="8.924"/>
  <system-out/>
  <testcase classname="testing.LoginTest" name="emptyUserNameAndemptyPassword5" time="9.655"/>
  <system-out/>
  <testcase classname="testing.LoginTest" name="handlesCaseSensitive7" time="10.147"/>
  <system-out/>
  <testcase classname="testing.LoginTest" name="correctUserNameAndEmptyPassword3" time="10.547"/>
  <system-out/>
  <testcase classname="testing.LoginTest" name="validUserNameAndValidPassword1" time="10.453"/>
  <system-out/>
  <testcase classname="testing.LoginTest" name="loginAuthentication8" time="15.209"/>
  <system-out/>
  <testcase classname="testing.LoginTest" name="passwordShouldBeMasked6" time="10.870"/>
  <system-out/>
</testsuite> <!-- testing.LoginTest -->
