<?xml version="1.0" encoding="UTF-8"?>
<!-- Generated by org.testng.reporters.JUnitReportReporter -->
<testsuite hostname="DESKTOP-P52I1HH" failures="0" tests="13" name="testing.HomePageTest" time="188.745" errors="0" timestamp="2023-03-01T19:15:30 EST" skipped="0">
  <testcase classname="testing.HomePageTest" name="arrivalImageReview" time="10.856"/>
  <system-out/>
  <testcase classname="testing.HomePageTest" name="arrivalsShouldNavigate3" time="17.783"/>
  <system-out/>
  <testcase classname="testing.HomePageTest" name="arrivalsImageDescription4" time="8.529"/>
  <system-out/>
  <testcase classname="testing.HomePageTest" name="threeArrivalsOnly2" time="25.875"/>
  <system-out/>
  <testcase classname="testing.HomePageTest" name="checkOutTitle" time="14.175"/>
  <system-out/>
  <testcase classname="testing.HomePageTest" name="addToBasket" time="21.662"/>
  <system-out/>
  <testcase classname="testing.HomePageTest" name="couponApply" time="14.103"/>
  <system-out/>
  <testcase classname="testing.HomePageTest" name="removeItem" time="12.641"/>
  <system-out/>
  <testcase classname="testing.HomePageTest" name="checkTotalAtCheckoutPage" time="13.644"/>
  <system-out/>
  <testcase classname="testing.HomePageTest" name="updatebasket" time="13.648"/>
  <system-out/>
  <testcase classname="testing.HomePageTest" name="checkOverLoadedOrder7" time="12.104"/>
  <system-out/>
  <testcase classname="testing.HomePageTest" name="couponApplyLessThan450" time="13.209"/>
  <system-out/>
  <testcase classname="testing.HomePageTest" name="threeSlidersOnly1" time="10.516"/>
  <system-out/>
</testsuite> <!-- testing.HomePageTest -->
