<?xml version="1.0" encoding="UTF-8"?>
<!-- Generated by org.testng.reporters.JUnitReportReporter -->
<testsuite hostname="DESKTOP-P52I1HH" failures="0" tests="13" name="testing.HomePageTest" time="174.475" errors="0" timestamp="2023-02-27T21:28:42 EST" skipped="0">
  <testcase classname="testing.HomePageTest" name="removeItem" time="11.952"/>
  <system-out/>
  <testcase classname="testing.HomePageTest" name="arrivalsShouldNavigate3" time="14.731"/>
  <system-out/>
  <testcase classname="testing.HomePageTest" name="threeArrivalsOnly2" time="24.542"/>
  <system-out/>
  <testcase classname="testing.HomePageTest" name="arrivalsImageDescription4" time="8.585"/>
  <system-out/>
  <testcase classname="testing.HomePageTest" name="checkOutTitle" time="13.148"/>
  <system-out/>
  <testcase classname="testing.HomePageTest" name="arrivalImageReview" time="13.175"/>
  <system-out/>
  <testcase classname="testing.HomePageTest" name="couponApplyLessThan450" time="12.960"/>
  <system-out/>
  <testcase classname="testing.HomePageTest" name="updatebasket" time="12.994"/>
  <system-out/>
  <testcase classname="testing.HomePageTest" name="addToBasket" time="14.673"/>
  <system-out/>
  <testcase classname="testing.HomePageTest" name="checkOverLoadedOrder7" time="11.238"/>
  <system-out/>
  <testcase classname="testing.HomePageTest" name="threeSlidersOnly1" time="9.257"/>
  <system-out/>
  <testcase classname="testing.HomePageTest" name="couponApply" time="13.541"/>
  <system-out/>
  <testcase classname="testing.HomePageTest" name="checkTotalAtCheckoutPage" time="13.679"/>
  <system-out/>
</testsuite> <!-- testing.HomePageTest -->
