<?xml version="1.0" encoding="UTF-8"?>
<!-- Generated by org.testng.reporters.JUnitReportReporter -->
<testsuite hostname="DESKTOP-P52I1HH" failures="0" tests="13" name="testing.HomePageTest" time="186.483" errors="0" timestamp="2023-02-28T19:18:36 EST" skipped="0">
  <testcase classname="testing.HomePageTest" name="threeArrivalsOnly2" time="25.738"/>
  <system-out/>
  <testcase classname="testing.HomePageTest" name="updatebasket" time="12.030"/>
  <system-out/>
  <testcase classname="testing.HomePageTest" name="checkOverLoadedOrder7" time="13.304"/>
  <system-out/>
  <testcase classname="testing.HomePageTest" name="couponApplyLessThan450" time="14.645"/>
  <system-out/>
  <testcase classname="testing.HomePageTest" name="checkOutTitle" time="15.585"/>
  <system-out/>
  <testcase classname="testing.HomePageTest" name="addToBasket" time="14.874"/>
  <system-out/>
  <testcase classname="testing.HomePageTest" name="couponApply" time="14.924"/>
  <system-out/>
  <testcase classname="testing.HomePageTest" name="arrivalImageReview" time="13.978"/>
  <system-out/>
  <testcase classname="testing.HomePageTest" name="checkTotalAtCheckoutPage" time="15.218"/>
  <system-out/>
  <testcase classname="testing.HomePageTest" name="arrivalsImageDescription4" time="8.064"/>
  <system-out/>
  <testcase classname="testing.HomePageTest" name="threeSlidersOnly1" time="9.273"/>
  <system-out/>
  <testcase classname="testing.HomePageTest" name="removeItem" time="12.629"/>
  <system-out/>
  <testcase classname="testing.HomePageTest" name="arrivalsShouldNavigate3" time="16.221"/>
  <system-out/>
</testsuite> <!-- testing.HomePageTest -->
