<?xml version="1.0" encoding="UTF-8"?>
<!-- Generated by org.testng.reporters.JUnitReportReporter -->
<testsuite hostname="DESKTOP-P52I1HH" failures="0" tests="8" name="testing.LoginTest" time="81.379" errors="0" timestamp="2023-02-27T21:28:42 EST" skipped="0">
  <testcase classname="testing.LoginTest" name="correctUserNameAndEmptyPassword3" time="10.107"/>
  <system-out/>
  <testcase classname="testing.LoginTest" name="validUserNameAndValidPassword1" time="10.026"/>
  <system-out/>
  <testcase classname="testing.LoginTest" name="emptyUserNameAndemptyPassword5" time="9.710"/>
  <system-out/>
  <testcase classname="testing.LoginTest" name="incorrectUserNameAndIncorrectPassword2" time="9.428"/>
  <system-out/>
  <testcase classname="testing.LoginTest" name="passwordShouldBeMasked6" time="8.352"/>
  <system-out/>
  <testcase classname="testing.LoginTest" name="emptyUserNameAndCorrectPassword4" time="9.508"/>
  <system-out/>
  <testcase classname="testing.LoginTest" name="loginAuthentication8" time="14.606"/>
  <system-out/>
  <testcase classname="testing.LoginTest" name="handlesCaseSensitive7" time="9.642"/>
  <system-out/>
</testsuite> <!-- testing.LoginTest -->
