<?xml version="1.0" encoding="UTF-8"?>
<!-- Generated by org.testng.reporters.JUnitReportReporter -->
<testsuite hostname="DESKTOP-P52I1HH" failures="0" tests="12" name="testing.ShopTest" time="184.086" errors="0" timestamp="2023-03-01T19:15:30 EST" skipped="1">
  <testcase classname="testing.ShopTest" name="calculateTaxRate11" time="14.956"/>
  <system-out/>
  <testcase classname="testing.ShopTest" name="sortByDate5" time="11.985"/>
  <system-out/>
  <testcase classname="testing.ShopTest" name="readMoreFunctionality7" time="10.734"/>
  <system-out/>
  <testcase classname="testing.ShopTest" name="highToLow6" time="11.450"/>
  <system-out/>
  <testcase classname="testing.ShopTest" name="orderConfirmation10" time="24.227"/>
  <system-out/>
  <testcase classname="testing.ShopTest" name="checkPriceRange2" time="10.729"/>
  <system-out/>
  <testcase classname="testing.ShopTest" name="saleFunctionality8" time="11.009"/>
  <system-out/>
  <testcase classname="testing.ShopTest" name="baskedFunctionality9" time="20.465"/>
  <system-out/>
  <testcase classname="testing.ShopTest" name="sortByPopularity3" time="25.632"/>
  <system-out/>
  <testcase classname="testing.ShopTest" name="sortByAverage4" time="11.978"/>
  <system-out/>
  <testcase classname="testing.ShopTest" name="filterByPriceFinctionality1" time="13.067"/>
  <system-out/>
  <testcase classname="testing.ShopTest" name="saleFunctionality8" time="17.854">
    <skipped/>
  </testcase> <!-- saleFunctionality8 -->
  <system-out/>
</testsuite> <!-- testing.ShopTest -->
