<?xml version="1.0" encoding="UTF-8"?>
<!-- Generated by org.testng.reporters.JUnitReportReporter -->
<testsuite hostname="DESKTOP-P52I1HH" failures="0" tests="5" name="testing.RegistrationTest" time="54.197" errors="0" timestamp="2023-03-01T19:15:30 EST" skipped="0">
  <testcase classname="testing.RegistrationTest" name="emptyEmailId3" time="10.168"/>
  <system-out/>
  <testcase classname="testing.RegistrationTest" name="emptyPasswordAndEmptyUserName5" time="9.238"/>
  <system-out/>
  <testcase classname="testing.RegistrationTest" name="registrationWithInvalidEmailAddress2" time="13.646"/>
  <system-out/>
  <testcase classname="testing.RegistrationTest" name="emptyPassword4" time="9.692"/>
  <system-out/>
  <testcase classname="testing.RegistrationTest" name="signInTest1" time="11.453"/>
  <system-out/>
</testsuite> <!-- testing.RegistrationTest -->
