<?xml version="1.0" encoding="UTF-8"?>
<!-- Generated by org.testng.reporters.JUnitReportReporter -->
<testsuite hostname="DESKTOP-P52I1HH" failures="0" tests="8" name="testing.LoginTest" time="81.792" errors="0" timestamp="2023-03-01T19:15:30 EST" skipped="0">
  <testcase classname="testing.LoginTest" name="validUserNameAndValidPassword1" time="10.311"/>
  <system-out/>
  <testcase classname="testing.LoginTest" name="emptyUserNameAndCorrectPassword4" time="9.637"/>
  <system-out/>
  <testcase classname="testing.LoginTest" name="correctUserNameAndEmptyPassword3" time="9.977"/>
  <system-out/>
  <testcase classname="testing.LoginTest" name="handlesCaseSensitive7" time="9.791"/>
  <system-out/>
  <testcase classname="testing.LoginTest" name="passwordShouldBeMasked6" time="8.106"/>
  <system-out/>
  <testcase classname="testing.LoginTest" name="emptyUserNameAndemptyPassword5" time="9.602"/>
  <system-out/>
  <testcase classname="testing.LoginTest" name="loginAuthentication8" time="14.669"/>
  <system-out/>
  <testcase classname="testing.LoginTest" name="incorrectUserNameAndIncorrectPassword2" time="9.699"/>
  <system-out/>
</testsuite> <!-- testing.LoginTest -->
