<?xml version="1.0" encoding="UTF-8"?>
<!-- Generated by org.testng.reporters.JUnitReportReporter -->
<testsuite hostname="DESKTOP-P52I1HH" failures="0" tests="5" name="testing.RegistrationTest" time="51.922" errors="0" timestamp="2023-02-27T21:28:42 EST" skipped="0">
  <testcase classname="testing.RegistrationTest" name="registrationWithInvalidEmailAddress2" time="11.026"/>
  <system-out/>
  <testcase classname="testing.RegistrationTest" name="signInTest1" time="11.276"/>
  <system-out/>
  <testcase classname="testing.RegistrationTest" name="emptyPassword4" time="9.511"/>
  <system-out/>
  <testcase classname="testing.RegistrationTest" name="emptyEmailId3" time="10.890"/>
  <system-out/>
  <testcase classname="testing.RegistrationTest" name="emptyPasswordAndEmptyUserName5" time="9.219"/>
  <system-out/>
</testsuite> <!-- testing.RegistrationTest -->
