<?xml version="1.0" encoding="UTF-8"?>
<!-- Generated by org.testng.reporters.JUnitReportReporter -->
<testsuite hostname="DESKTOP-P52I1HH" failures="0" tests="5" name="testing.RegistrationTest" time="52.704" errors="0" timestamp="2023-02-28T19:18:36 EST" skipped="0">
  <testcase classname="testing.RegistrationTest" name="emptyPasswordAndEmptyUserName5" time="10.105"/>
  <system-out/>
  <testcase classname="testing.RegistrationTest" name="emptyEmailId3" time="11.377"/>
  <system-out/>
  <testcase classname="testing.RegistrationTest" name="signInTest1" time="10.971"/>
  <system-out/>
  <testcase classname="testing.RegistrationTest" name="emptyPassword4" time="9.263"/>
  <system-out/>
  <testcase classname="testing.RegistrationTest" name="registrationWithInvalidEmailAddress2" time="10.988"/>
  <system-out/>
</testsuite> <!-- testing.RegistrationTest -->
