<?xml version="1.0" encoding="UTF-8"?>
<!-- Generated by org.testng.reporters.JUnitReportReporter -->
<testsuite hostname="DESKTOP-P52I1HH" failures="0" tests="8" name="testing.MyAccountTest" time="117.571" errors="0" timestamp="2023-03-01T19:15:30 EST" skipped="0">
  <testcase classname="testing.MyAccountTest" name="logoutCheck8" time="14.966"/>
  <system-out/>
  <testcase classname="testing.MyAccountTest" name="checkDashboardLink1" time="11.743"/>
  <system-out/>
  <testcase classname="testing.MyAccountTest" name="checkViewOrderLinkDetails3" time="17.360"/>
  <system-out/>
  <testcase classname="testing.MyAccountTest" name="accountDetailsFunctionCheck7" time="11.897"/>
  <system-out/>
  <testcase classname="testing.MyAccountTest" name="editShippingAddressCheck6" time="17.223"/>
  <system-out/>
  <testcase classname="testing.MyAccountTest" name="addressFunctionalityCheck5" time="12.624"/>
  <system-out/>
  <testcase classname="testing.MyAccountTest" name="checkStatusDateDetails4" time="17.325"/>
  <system-out/>
  <testcase classname="testing.MyAccountTest" name="checkViewOrderLink2" time="14.433"/>
  <system-out/>
</testsuite> <!-- testing.MyAccountTest -->
