<?xml version="1.0" encoding="UTF-8"?>
<!-- Generated by org.testng.reporters.JUnitReportReporter -->
<testsuite hostname="DESKTOP-P52I1HH" failures="0" tests="11" name="testing.ShopTest" time="138.519" errors="0" timestamp="2023-02-27T21:28:42 EST" skipped="0">
  <testcase classname="testing.ShopTest" name="baskedFunctionality9" time="21.722"/>
  <system-out/>
  <testcase classname="testing.ShopTest" name="sortByPopularity3" time="9.785"/>
  <system-out/>
  <testcase classname="testing.ShopTest" name="sortByAverage4" time="10.322"/>
  <system-out/>
  <testcase classname="testing.ShopTest" name="filterByPriceFinctionality1" time="12.074"/>
  <system-out/>
  <testcase classname="testing.ShopTest" name="sortByDate5" time="9.687"/>
  <system-out/>
  <testcase classname="testing.ShopTest" name="highToLow6" time="11.364"/>
  <system-out/>
  <testcase classname="testing.ShopTest" name="calculateTaxRate11" time="14.587"/>
  <system-out/>
  <testcase classname="testing.ShopTest" name="checkPriceRange2" time="9.560"/>
  <system-out/>
  <testcase classname="testing.ShopTest" name="orderConfirmation10" time="21.755"/>
  <system-out/>
  <testcase classname="testing.ShopTest" name="readMoreFunctionality7" time="8.708"/>
  <system-out/>
  <testcase classname="testing.ShopTest" name="saleFunctionality8" time="8.955"/>
  <system-out/>
</testsuite> <!-- testing.ShopTest -->
