<?xml version="1.0" encoding="UTF-8"?>
<!-- Generated by org.testng.reporters.JUnitReportReporter -->
<testsuite hostname="DESKTOP-P52I1HH" failures="0" tests="8" name="testing.MyAccountTest" time="114.446" errors="0" timestamp="2023-02-28T19:18:36 EST" skipped="0">
  <testcase classname="testing.MyAccountTest" name="checkViewOrderLink2" time="14.744"/>
  <system-out/>
  <testcase classname="testing.MyAccountTest" name="accountDetailsFunctionCheck7" time="11.104"/>
  <system-out/>
  <testcase classname="testing.MyAccountTest" name="checkStatusDateDetails4" time="13.830"/>
  <system-out/>
  <testcase classname="testing.MyAccountTest" name="checkDashboardLink1" time="10.005"/>
  <system-out/>
  <testcase classname="testing.MyAccountTest" name="checkViewOrderLinkDetails3" time="13.655"/>
  <system-out/>
  <testcase classname="testing.MyAccountTest" name="addressFunctionalityCheck5" time="12.294"/>
  <system-out/>
  <testcase classname="testing.MyAccountTest" name="logoutCheck8" time="12.578"/>
  <system-out/>
  <testcase classname="testing.MyAccountTest" name="editShippingAddressCheck6" time="26.236"/>
  <system-out/>
</testsuite> <!-- testing.MyAccountTest -->
