<?xml version="1.0" encoding="UTF-8"?>
<!-- Generated by org.testng.reporters.JUnitReportReporter -->
<testsuite hostname="Zolboos-MacBook-Pro-2.local" failures="0" tests="2" name="testing.ShopTest" time="36.624" errors="0" timestamp="2023-02-23T16:18:32 EST" skipped="0">
  <testcase classname="testing.ShopTest" name="checkPriceRange" time="19.909"/>
  <system-out/>
  <testcase classname="testing.ShopTest" name="checkPriceRange" time="16.715"/>
  <system-out/>
</testsuite> <!-- testing.ShopTest -->
