<?xml version="1.0" encoding="UTF-8"?>
<!-- Generated by org.testng.reporters.JUnitReportReporter -->
<testsuite hostname="DESKTOP-P52I1HH" failures="0" tests="8" name="testing.MyAccountTest" time="98.889" errors="0" timestamp="2023-02-27T21:28:42 EST" skipped="0">
  <testcase classname="testing.MyAccountTest" name="checkViewOrderLinkDetails3" time="12.998"/>
  <system-out/>
  <testcase classname="testing.MyAccountTest" name="addressFunctionalityCheck5" time="11.371"/>
  <system-out/>
  <testcase classname="testing.MyAccountTest" name="logoutCheck8" time="12.007"/>
  <system-out/>
  <testcase classname="testing.MyAccountTest" name="accountDetailsFunctionCheck7" time="12.807"/>
  <system-out/>
  <testcase classname="testing.MyAccountTest" name="checkDashboardLink1" time="9.311"/>
  <system-out/>
  <testcase classname="testing.MyAccountTest" name="checkStatusDateDetails4" time="13.231"/>
  <system-out/>
  <testcase classname="testing.MyAccountTest" name="editShippingAddressCheck6" time="14.485"/>
  <system-out/>
  <testcase classname="testing.MyAccountTest" name="checkViewOrderLink2" time="12.679"/>
  <system-out/>
</testsuite> <!-- testing.MyAccountTest -->
