<?xml version="1.0" encoding="UTF-8"?>
<!-- Generated by org.testng.reporters.JUnitReportReporter -->
<testsuite hostname="DESKTOP-P52I1HH" failures="0" tests="11" name="testing.ShopTest" time="148.338" errors="0" timestamp="2023-02-28T19:18:36 EST" skipped="0">
  <testcase classname="testing.ShopTest" name="calculateTaxRate11" time="16.388"/>
  <system-out/>
  <testcase classname="testing.ShopTest" name="checkPriceRange2" time="10.062"/>
  <system-out/>
  <testcase classname="testing.ShopTest" name="baskedFunctionality9" time="20.405"/>
  <system-out/>
  <testcase classname="testing.ShopTest" name="filterByPriceFinctionality1" time="10.587"/>
  <system-out/>
  <testcase classname="testing.ShopTest" name="saleFunctionality8" time="11.895"/>
  <system-out/>
  <testcase classname="testing.ShopTest" name="sortByDate5" time="11.081"/>
  <system-out/>
  <testcase classname="testing.ShopTest" name="highToLow6" time="10.081"/>
  <system-out/>
  <testcase classname="testing.ShopTest" name="sortByAverage4" time="12.844"/>
  <system-out/>
  <testcase classname="testing.ShopTest" name="orderConfirmation10" time="22.992"/>
  <system-out/>
  <testcase classname="testing.ShopTest" name="sortByPopularity3" time="10.175"/>
  <system-out/>
  <testcase classname="testing.ShopTest" name="readMoreFunctionality7" time="11.828"/>
  <system-out/>
</testsuite> <!-- testing.ShopTest -->
